# JRE version: OpenJDK Runtime Environment (11.0.11+9) (build 11.0.11+9-b60-7590822)
# Java VM: OpenJDK 64-Bit Server VM (11.0.11+9-b60-7590822, mixed mode, tiered, compressed oops, g1 gc, windows-amd64)
Heap:
 garbage-first heap   total 262144K, used 180202K [0x0000000080000000, 0x0000000100000000)
  region size 1024K, 55 young (56320K), 1 survivors (1024K)
 Metaspace       used 117426K, capacity 121004K, committed 121308K, reserved 1155072K
  class space    used 15128K, capacity 16511K, committed 16740K, reserved 1048576K
GC Heap History (20 events):
Event: 31.446 GC heap before
{Heap before GC invocations=21 (full 0):
 garbage-first heap   total 262144K, used 199953K [0x0000000080000000, 0x0000000100000000)
  region size 1024K, 92 young (94208K), 13 survivors (13312K)
 Metaspace       used 111303K, capacity 115064K, committed 115292K, reserved 1148928K
  class space    used 14803K, capacity 16290K, committed 16356K, reserved 1048576K
}
Event: 31.458 GC heap after
{Heap after GC invocations=22 (full 0):
 garbage-first heap   total 262144K, used 123637K [0x0000000080000000, 0x0000000100000000)
  region size 1024K, 6 young (6144K), 6 survivors (6144K)
 Metaspace       used 111303K, capacity 115064K, committed 115292K, reserved 1148928K
  class space    used 14803K, capacity 16290K, committed 16356K, reserved 1048576K
}
Event: 31.470 GC heap before
{Heap before GC invocations=22 (full 0):
 garbage-first heap   total 262144K, used 124661K [0x0000000080000000, 0x0000000100000000)
  region size 1024K, 9 young (9216K), 6 survivors (6144K)
 Metaspace       used 111351K, capacity 115133K, committed 115292K, reserved 1148928K
  class space    used 14816K, capacity 16313K, committed 16356K, reserved 1048576K
}
Event: 31.476 GC heap after
{Heap after GC invocations=23 (full 0):
 garbage-first heap   total 262144K, used 123845K [0x0000000080000000, 0x0000000100000000)
  region size 1024K, 7 young (7168K), 7 survivors (7168K)
 Metaspace       used 111351K, capacity 115133K, committed 115292K, reserved 1148928K
  class space    used 14816K, capacity 16313K, committed 16356K, reserved 1048576K
}
Event: 33.093 GC heap before
{Heap before GC invocations=24 (full 0):
 garbage-first heap   total 262144K, used 179141K [0x0000000080000000, 0x0000000100000000)
  region size 1024K, 62 young (63488K), 7 survivors (7168K)
 Metaspace       used 113408K, capacity 116650K, committed 118236K, reserved 1150976K
  class space    used 14817K, capacity 16042K, committed 16740K, reserved 1048576K
}
Event: 33.099 GC heap after
{Heap after GC invocations=25 (full 0):
 garbage-first heap   total 262144K, used 122179K [0x0000000080000000, 0x0000000100000000)
  region size 1024K, 5 young (5120K), 5 survivors (5120K)
 Metaspace       used 113408K, capacity 116650K, committed 118236K, reserved 1150976K
  class space    used 14817K, capacity 16042K, committed 16740K, reserved 1048576K
}
Event: 76.628 GC heap before
{Heap before GC invocations=26 (full 0):
 garbage-first heap   total 262144K, used 218435K [0x0000000080000000, 0x0000000100000000)
  region size 1024K, 86 young (88064K), 5 survivors (5120K)
 Metaspace       used 115074K, capacity 118319K, committed 119516K, reserved 1153024K
  class space    used 14959K, capacity 16209K, committed 16740K, reserved 1048576K
}
Event: 76.638 GC heap after
{Heap after GC invocations=27 (full 0):
 garbage-first heap   total 262144K, used 129217K [0x0000000080000000, 0x0000000100000000)
  region size 1024K, 11 young (11264K), 11 survivors (11264K)
 Metaspace       used 115074K, capacity 118319K, committed 119516K, reserved 1153024K
  class space    used 14959K, capacity 16209K, committed 16740K, reserved 1048576K
}
Event: 79.590 GC heap before
{Heap before GC invocations=27 (full 0):
 garbage-first heap   total 262144K, used 191681K [0x0000000080000000, 0x0000000100000000)
  region size 1024K, 74 young (75776K), 11 survivors (11264K)
 Metaspace       used 115461K, capacity 118710K, committed 119772K, reserved 1153024K
  class space    used 14971K, capacity 16232K, committed 16740K, reserved 1048576K
}
Event: 79.612 GC heap after
{Heap after GC invocations=28 (full 0):
 garbage-first heap   total 262144K, used 131990K [0x0000000080000000, 0x0000000100000000)
  region size 1024K, 3 young (3072K), 3 survivors (3072K)
 Metaspace       used 115461K, capacity 118710K, committed 119772K, reserved 1153024K
  class space    used 14971K, capacity 16232K, committed 16740K, reserved 1048576K
}
Event: 754.472 GC heap before
{Heap before GC invocations=29 (full 0):
 garbage-first heap   total 262144K, used 216982K [0x0000000080000000, 0x0000000100000000)
  region size 1024K, 75 young (76800K), 3 survivors (3072K)
 Metaspace       used 116249K, capacity 119590K, committed 120284K, reserved 1153024K
  class space    used 15035K, capacity 16337K, committed 16740K, reserved 1048576K
}
Event: 754.480 GC heap after
{Heap after GC invocations=30 (full 0):
 garbage-first heap   total 262144K, used 135450K [0x0000000080000000, 0x0000000100000000)
  region size 1024K, 9 young (9216K), 9 survivors (9216K)
 Metaspace       used 116249K, capacity 119590K, committed 120284K, reserved 1153024K
  class space    used 15035K, capacity 16337K, committed 16740K, reserved 1048576K
}
Event: 754.495 GC heap before
{Heap before GC invocations=30 (full 0):
 garbage-first heap   total 262144K, used 137498K [0x0000000080000000, 0x0000000100000000)
  region size 1024K, 12 young (12288K), 9 survivors (9216K)
 Metaspace       used 116254K, capacity 119591K, committed 120284K, reserved 1153024K
  class space    used 15035K, capacity 16337K, committed 16740K, reserved 1048576K
}
Event: 754.506 GC heap after
{Heap after GC invocations=31 (full 0):
 garbage-first heap   total 262144K, used 126231K [0x0000000080000000, 0x0000000100000000)
  region size 1024K, 1 young (1024K), 1 survivors (1024K)
 Metaspace       used 116254K, capacity 119591K, committed 120284K, reserved 1153024K
  class space    used 15035K, capacity 16337K, committed 16740K, reserved 1048576K
}
Event: 758.325 GC heap before
{Heap before GC invocations=31 (full 0):
 garbage-first heap   total 262144K, used 202007K [0x0000000080000000, 0x0000000100000000)
  region size 1024K, 76 young (77824K), 1 survivors (1024K)
 Metaspace       used 116885K, capacity 120564K, committed 121052K, reserved 1153024K
  class space    used 15120K, capacity 16493K, committed 16740K, reserved 1048576K
}
Event: 758.331 GC heap after
{Heap after GC invocations=32 (full 0):
 garbage-first heap   total 262144K, used 128928K [0x0000000080000000, 0x0000000100000000)
  region size 1024K, 4 young (4096K), 4 survivors (4096K)
 Metaspace       used 116885K, capacity 120564K, committed 121052K, reserved 1153024K
  class space    used 15120K, capacity 16493K, committed 16740K, reserved 1048576K
}
Event: 1242.314 GC heap before
{Heap before GC invocations=33 (full 0):
 garbage-first heap   total 262144K, used 220064K [0x0000000080000000, 0x0000000100000000)
  region size 1024K, 80 young (81920K), 4 survivors (4096K)
 Metaspace       used 117244K, capacity 120851K, committed 121308K, reserved 1155072K
  class space    used 15102K, capacity 16464K, committed 16740K, reserved 1048576K
}
Event: 1242.323 GC heap after
{Heap after GC invocations=34 (full 0):
 garbage-first heap   total 262144K, used 134969K [0x0000000080000000, 0x0000000100000000)
  region size 1024K, 10 young (10240K), 10 survivors (10240K)
 Metaspace       used 117244K, capacity 120851K, committed 121308K, reserved 1155072K
  class space    used 15102K, capacity 16464K, committed 16740K, reserved 1048576K
}
Event: 1242.334 GC heap before
{Heap before GC invocations=34 (full 0):
 garbage-first heap   total 262144K, used 137017K [0x0000000080000000, 0x0000000100000000)
  region size 1024K, 12 young (12288K), 10 survivors (10240K)
 Metaspace       used 117244K, capacity 120851K, committed 121308K, reserved 1155072K
  class space    used 15102K, capacity 16464K, committed 16740K, reserved 1048576K
}
Event: 1242.347 GC heap after
{Heap after GC invocations=35 (full 0):
 garbage-first heap   total 262144K, used 126954K [0x0000000080000000, 0x0000000100000000)
  region size 1024K, 1 young (1024K), 1 survivors (1024K)
 Metaspace       used 117244K, capacity 120851K, committed 121308K, reserved 1155072K
  class space    used 15102K, capacity 16464K, committed 16740K, reserved 1048576K
}

